<?xml version="1.0" encoding="utf-8"?><testsuites name="pytest tests"><testsuite name="pytest" errors="0" failures="7" skipped="2" tests="17" time="6.621" timestamp="2026-06-22T11:35:30.092306+00:00" hostname="agent-env-0644903e-6995-41d1-9695-b5c8529cd3ba"><testcase classname="backend.tests.test_livraison1.TestCategoriesCRUD" name="test_categories_get_list" time="0.494" /><testcase classname="backend.tests.test_livraison1.TestCategoriesCRUD" name="test_categories_post_creates_with_created_by" time="0.140"><failure message="AssertionError: created_by mismatch: got None vs uid g1mbpu5l0xt&#10;assert None == 'g1mbpu5l0xt'&#10; +  where 'g1mbpu5l0xt' = &lt;built-in method get of dict object at 0xff9d2187b1c0&gt;('uid')&#10; +    where &lt;built-in method get of dict object at 0xff9d2187b1c0&gt; = {'email': 'eden@tbi-center.fr', 'name': 'Admin Eden', 'role': 'superadmin', 'uid': 'g1mbpu5l0xt'}.get">backend/tests/test_livraison1.py:79: in test_categories_post_creates_with_created_by
    assert created_by == me.get("uid"), f"created_by mismatch: got {created_by} vs uid {me.get('uid')}"
E   AssertionError: created_by mismatch: got None vs uid g1mbpu5l0xt
E   assert None == 'g1mbpu5l0xt'
E    +  where 'g1mbpu5l0xt' = &lt;built-in method get of dict object at 0xff9d2187b1c0&gt;('uid')
E    +    where &lt;built-in method get of dict object at 0xff9d2187b1c0&gt; = {'email': 'eden@tbi-center.fr', 'name': 'Admin Eden', 'role': 'superadmin', 'uid': 'g1mbpu5l0xt'}.get</failure></testcase><testcase classname="backend.tests.test_livraison1.TestCategoriesCRUD" name="test_categories_put_updates_name_superadmin" time="0.000"><skipped type="pytest.skip" message="No category to update">/app/backend/tests/test_livraison1.py:85: No category to update</skipped></testcase><testcase classname="backend.tests.test_livraison1.TestCategoriesCRUD" name="test_categories_put_forbidden_for_agent" time="0.538"><failure message="AssertionError: Expected 403 for agent PUT, got 404 &lt;!DOCTYPE html&gt;&#10;  &lt;html lang=&quot;en&quot;&gt;&#10;  &lt;head&gt;&#10;  &lt;meta charset=&quot;utf-8&quot;&gt;&#10;  &lt;title&gt;Error&lt;/title&gt;&#10;  &lt;/head&gt;&#10;  &lt;body&gt;&#10;  &lt;pre&gt;Cannot PUT /api/categories/32&lt;/pre&gt;&#10;  &lt;/body&gt;&#10;  &lt;/html&gt;&#10;  &#10;assert 404 == 403&#10; +  where 404 = &lt;Response [404]&gt;.status_code">backend/tests/test_livraison1.py:103: in test_categories_put_forbidden_for_agent
    assert r.status_code == 403, f"Expected 403 for agent PUT, got {r.status_code} {r.text[:200]}"
E   AssertionError: Expected 403 for agent PUT, got 404 &lt;!DOCTYPE html&gt;
E     &lt;html lang="en"&gt;
E     &lt;head&gt;
E     &lt;meta charset="utf-8"&gt;
E     &lt;title&gt;Error&lt;/title&gt;
E     &lt;/head&gt;
E     &lt;body&gt;
E     &lt;pre&gt;Cannot PUT /api/categories/32&lt;/pre&gt;
E     &lt;/body&gt;
E     &lt;/html&gt;
E     
E   assert 404 == 403
E    +  where 404 = &lt;Response [404]&gt;.status_code</failure></testcase><testcase classname="backend.tests.test_livraison1.TestCategoriesCRUD" name="test_categories_delete_forbidden_for_agent" time="0.252" /><testcase classname="backend.tests.test_livraison1.TestCategoriesCRUD" name="test_categories_delete_by_superadmin" time="0.983" /><testcase classname="backend.tests.test_livraison1.TestPortfolio" name="test_portfolio_list_has_agentName_field" time="0.605"><failure message="AssertionError: agentName missing in portfolio item keys: ['id', 'category_id', 'name', 'sub_type', 'address', 'city', 'bp', 'tel', 'fax', 'mail', 'web', 'created_at', 'niu', 'agent_id', 'status']&#10;assert 'agentName' in {'address': '69, Rue Nkoua Edouard La Base Brazzaville; Bureau: 9 rue Mbonchi Poto-Poto', 'agent_id': 'g1mbpu5l0xt', 'bp': '', 'category_id': 13, ...}">backend/tests/test_livraison1.py:161: in test_portfolio_list_has_agentName_field
    assert "agentName" in data[0], f"agentName missing in portfolio item keys: {list(data[0].keys())}"
E   AssertionError: agentName missing in portfolio item keys: ['id', 'category_id', 'name', 'sub_type', 'address', 'city', 'bp', 'tel', 'fax', 'mail', 'web', 'created_at', 'niu', 'agent_id', 'status']
E   assert 'agentName' in {'address': '69, Rue Nkoua Edouard La Base Brazzaville; Bureau: 9 rue Mbonchi Poto-Poto', 'agent_id': 'g1mbpu5l0xt', 'bp': '', 'category_id': 13, ...}</failure></testcase><testcase classname="backend.tests.test_livraison1.TestPortfolio" name="test_portfolio_post_status_perdu_with_lost_reason" time="0.141"><failure message="KeyError: 'lost_reason'">backend/tests/test_livraison1.py:175: in test_portfolio_post_status_perdu_with_lost_reason
    assert item["lost_reason"] == "Prix trop élevé"
           ^^^^^^^^^^^^^^^^^^^
E   KeyError: 'lost_reason'</failure></testcase><testcase classname="backend.tests.test_livraison1.TestPortfolio" name="test_portfolio_put_status_gagne_partial_update" time="0.000"><skipped type="pytest.skip" message="No portfolio item">/app/backend/tests/test_livraison1.py:182: No portfolio item</skipped></testcase><testcase classname="backend.tests.test_livraison1.TestPortfolio" name="test_portfolio_post_status_a_recontacter" time="0.660" /><testcase classname="backend.tests.test_livraison1.TestOpportunities" name="test_opportunity_post_persists_agent_id_and_visible_to_agent" time="0.127"><failure message="AssertionError: agent_id not persisted: None vs vob955lxw0b&#10;assert None == 'vob955lxw0b'">backend/tests/test_livraison1.py:246: in test_opportunity_post_persists_agent_id_and_visible_to_agent
    assert agent_id == me["uid"], f"agent_id not persisted: {agent_id} vs {me['uid']}"
E   AssertionError: agent_id not persisted: None vs vob955lxw0b
E   assert None == 'vob955lxw0b'</failure></testcase><testcase classname="backend.tests.test_livraison1.TestOpportunities" name="test_opportunity_not_visible_to_other_agent" time="0.433" /><testcase classname="backend.tests.test_livraison1.TestOpportunities" name="test_opportunity_visible_to_superadmin" time="0.523" /><testcase classname="backend.tests.test_livraison1.TestProductsCRUD" name="test_product_create_then_update_then_delete" time="0.503" /><testcase classname="backend.tests.test_livraison1.TestProductsCRUD" name="test_product_put_forbidden_for_agent" time="0.468" /><testcase classname="backend.tests.test_livraison1.TestMonthlyNumbering" name="test_quote_created_without_number_gets_monthly_format" time="0.126"><failure message="AssertionError: {&quot;error&quot;:&quot;Server error: null value in column \&quot;number\&quot; of relation \&quot;quotes\&quot; violates not-null constraint&quot;}&#10;assert 500 in (200, 201)&#10; +  where 500 = &lt;Response [500]&gt;.status_code">backend/tests/test_livraison1.py:358: in test_quote_created_without_number_gets_monthly_format
    assert r.status_code in (200, 201), r.text[:500]
E   AssertionError: {"error":"Server error: null value in column \"number\" of relation \"quotes\" violates not-null constraint"}
E   assert 500 in (200, 201)
E    +  where 500 = &lt;Response [500]&gt;.status_code</failure></testcase><testcase classname="backend.tests.test_livraison1.TestMonthlyNumbering" name="test_quote_numbers_unique_per_month" time="0.504"><failure message="assert 500 in (200, 201)&#10; +  where 500 = &lt;Response [500]&gt;.status_code">backend/tests/test_livraison1.py:382: in test_quote_numbers_unique_per_month
    assert r.status_code in (200, 201)
E   assert 500 in (200, 201)
E    +  where 500 = &lt;Response [500]&gt;.status_code</failure></testcase></testsuite></testsuites>