<?xml version="1.0" encoding="utf-8"?><testsuites name="pytest tests"><testsuite name="pytest" errors="0" failures="0" skipped="0" tests="23" time="6.643" timestamp="2026-06-01T17:54:15.704440+00:00" hostname="agent-env-0644903e-6995-41d1-9695-b5c8529cd3ba"><testcase classname="backend.tests.test_production_api.TestHealth" name="test_health_endpoint" time="0.234" /><testcase classname="backend.tests.test_production_api.TestAuth" name="test_login_success" time="0.256" /><testcase classname="backend.tests.test_production_api.TestAuth" name="test_login_invalid" time="0.315" /><testcase classname="backend.tests.test_production_api.TestAuth" name="test_auth_me" time="0.370" /><testcase classname="backend.tests.test_production_api" name="test_auth_required_list_returns_200[/api/customers]" time="0.127" /><testcase classname="backend.tests.test_production_api" name="test_auth_required_list_returns_200[/api/leads]" time="0.127" /><testcase classname="backend.tests.test_production_api" name="test_auth_required_list_returns_200[/api/opportunities]" time="0.126" /><testcase classname="backend.tests.test_production_api" name="test_auth_required_list_returns_200[/api/products]" time="0.139" /><testcase classname="backend.tests.test_production_api" name="test_auth_required_list_returns_200[/api/quotes]" time="0.136" /><testcase classname="backend.tests.test_production_api" name="test_auth_required_list_returns_200[/api/invoices]" time="0.160" /><testcase classname="backend.tests.test_production_api" name="test_auth_required_list_returns_200[/api/commissions]" time="0.132" /><testcase classname="backend.tests.test_production_api" name="test_auth_required_list_returns_200[/api/activities]" time="0.130" /><testcase classname="backend.tests.test_production_api" name="test_auth_required_list_returns_200[/api/objectives]" time="0.125" /><testcase classname="backend.tests.test_production_api" name="test_auth_required_list_returns_200[/api/agent/payments]" time="0.163" /><testcase classname="backend.tests.test_production_api" name="test_auth_required_list_returns_200[/api/categories]" time="0.139" /><testcase classname="backend.tests.test_production_api" name="test_auth_required_list_returns_200[/api/portfolio-items]" time="0.137" /><testcase classname="backend.tests.test_production_api" name="test_auth_required_list_returns_200[/api/reports]" time="0.164" /><testcase classname="backend.tests.test_production_api" name="test_auth_required_list_returns_200[/api/documents]" time="0.128" /><testcase classname="backend.tests.test_production_api" name="test_auth_required_without_token_returns_401" time="0.196" /><testcase classname="backend.tests.test_production_api.TestAdmin" name="test_admin_stats" time="0.149" /><testcase classname="backend.tests.test_production_api.TestAdmin" name="test_superadmin_dashboard" time="0.170" /><testcase classname="backend.tests.test_production_api.TestPayPal" name="test_paypal_config_public" time="0.198" /><testcase classname="backend.tests.test_production_api.TestPayPal" name="test_paypal_create_order_quote_5" time="2.754" /></testsuite></testsuites>